<?xml version="1.0" encoding="UTF-8"?>
<!-- Generated by org.testng.reporters.JUnitReportReporter -->
<testsuite hostname="DESKTOP-6B4GI15" failures="0" tests="1" name="com.landmark.qa.testcases.CheckOutPageTest" time="60.810" errors="0" timestamp="2022-09-13T15:38:17 IST" skipped="0">
  <testcase classname="com.landmark.qa.testcases.CheckOutPageTest" name="verifyTest" time="60.810"/>
  <system-out/>
</testsuite> <!-- com.landmark.qa.testcases.CheckOutPageTest -->
