<?xml version="1.0" encoding="UTF-8"?>
<!-- Generated by org.testng.reporters.JUnitReportReporter -->
<testsuite hostname="DESKTOP-6B4GI15" failures="0" tests="1" name="com.landmark.qa.testcases.LandmarkHomePageTest" time="24.202" errors="0" timestamp="2022-09-13T15:38:17 IST" skipped="0">
  <testcase classname="com.landmark.qa.testcases.LandmarkHomePageTest" name="verifyPrintProductAddedToBasketTest" time="24.202"/>
  <system-out/>
</testsuite> <!-- com.landmark.qa.testcases.LandmarkHomePageTest -->
