<?xml version="1.0" encoding="UTF-8"?>
<!-- Generated by org.testng.reporters.JUnitReportReporter -->
<testsuite hostname="DESKTOP-6B4GI15" failures="0" tests="1" name="com.landmark.qa.testcases.LandmarkLoginPageTest" time="0.055" errors="0" timestamp="13 Sep 2022 09:38:23 GMT" skipped="0">
  <testcase classname="com.landmark.qa.testcases.LandmarkLoginPageTest" name="verifyUserloginTest" time="0.055"/>
</testsuite> <!-- com.landmark.qa.testcases.LandmarkLoginPageTest -->
